# JRE version: Java(TM) SE Runtime Environment (8.0_40-b25) (build 1.8.0_40-b25)
# Java VM: Java HotSpot(TM) 64-Bit Server VM (25.40-b25 mixed mode windows-amd64 compressed oops)
Heap:
 PSYoungGen      total 118272K, used 54087K [0x00000000eab00000, 0x00000000f2d80000, 0x0000000100000000)
  eden space 108544K, 40% used [0x00000000eab00000,0x00000000ed651e50,0x00000000f1500000)
  from space 9728K, 100% used [0x00000000f2400000,0x00000000f2d80000,0x00000000f2d80000)
  to   space 11264K, 0% used [0x00000000f1780000,0x00000000f1780000,0x00000000f2280000)
 ParOldGen       total 93696K, used 12002K [0x00000000c0000000, 0x00000000c5b80000, 0x00000000eab00000)
  object space 93696K, 12% used [0x00000000c0000000,0x00000000c0bb8b40,0x00000000c5b80000)
 Metaspace       used 35888K, capacity 36352K, committed 36480K, reserved 1079296K
  class space    used 7024K, capacity 7182K, committed 7296K, reserved 1048576K
GC Heap History (10 events):
Event: 2.485 GC heap before
{Heap before GC invocations=6 (full 1):
 PSYoungGen      total 53760K, used 53750K [0x00000000eab00000, 0x00000000ef500000, 0x0000000100000000)
  eden space 49664K, 100% used [0x00000000eab00000,0x00000000edb80000,0x00000000edb80000)
  from space 4096K, 99% used [0x00000000ef100000,0x00000000ef4fdb40,0x00000000ef500000)
  to   space 5120K, 0% used [0x00000000eeb00000,0x00000000eeb00000,0x00000000ef000000)
 ParOldGen       total 87552K, used 6567K [0x00000000c0000000, 0x00000000c5580000, 0x00000000eab00000)
  object space 87552K, 7% used [0x00000000c0000000,0x00000000c0669ee8,0x00000000c5580000)
 Metaspace       used 27858K, capacity 28204K, committed 28544K, reserved 1073152K
  class space    used 5271K, capacity 5386K, committed 5504K, reserved 1048576K
Event: 2.490 GC heap after
Heap after GC invocations=6 (full 1):
 PSYoungGen      total 70656K, used 5089K [0x00000000eab00000, 0x00000000f0380000, 0x0000000100000000)
  eden space 65536K, 0% used [0x00000000eab00000,0x00000000eab00000,0x00000000eeb00000)
  from space 5120K, 99% used [0x00000000eeb00000,0x00000000eeff8530,0x00000000ef000000)
  to   space 8192K, 0% used [0x00000000efb80000,0x00000000efb80000,0x00000000f0380000)
 ParOldGen       total 87552K, used 6650K [0x00000000c0000000, 0x00000000c5580000, 0x00000000eab00000)
  object space 87552K, 7% used [0x00000000c0000000,0x00000000c067e920,0x00000000c5580000)
 Metaspace       used 27858K, capacity 28204K, committed 28544K, reserved 1073152K
  class space    used 5271K, capacity 5386K, committed 5504K, reserved 1048576K
}
Event: 3.150 GC heap before
{Heap before GC invocations=7 (full 1):
 PSYoungGen      total 70656K, used 70625K [0x00000000eab00000, 0x00000000f0380000, 0x0000000100000000)
  eden space 65536K, 100% used [0x00000000eab00000,0x00000000eeb00000,0x00000000eeb00000)
  from space 5120K, 99% used [0x00000000eeb00000,0x00000000eeff8530,0x00000000ef000000)
  to   space 8192K, 0% used [0x00000000efb80000,0x00000000efb80000,0x00000000f0380000)
 ParOldGen       total 87552K, used 6650K [0x00000000c0000000, 0x00000000c5580000, 0x00000000eab00000)
  object space 87552K, 7% used [0x00000000c0000000,0x00000000c067e920,0x00000000c5580000)
 Metaspace       used 33730K, capacity 33988K, committed 34176K, reserved 1077248K
  class space    used 6594K, capacity 6674K, committed 6784K, reserved 1048576K
Event: 3.156 GC heap after
Heap after GC invocations=7 (full 1):
 PSYoungGen      total 81408K, used 8166K [0x00000000eab00000, 0x00000000f1b80000, 0x0000000100000000)
  eden space 73216K, 0% used [0x00000000eab00000,0x00000000eab00000,0x00000000ef280000)
  from space 8192K, 99% used [0x00000000efb80000,0x00000000f0379a68,0x00000000f0380000)
  to   space 9216K, 0% used [0x00000000ef280000,0x00000000ef280000,0x00000000efb80000)
 ParOldGen       total 87552K, used 7261K [0x00000000c0000000, 0x00000000c5580000, 0x00000000eab00000)
  object space 87552K, 8% used [0x00000000c0000000,0x00000000c07177a8,0x00000000c5580000)
 Metaspace       used 33730K, capacity 33988K, committed 34176K, reserved 1077248K
  class space    used 6594K, capacity 6674K, committed 6784K, reserved 1048576K
}
Event: 3.394 GC heap before
{Heap before GC invocations=8 (full 1):
 PSYoungGen      total 81408K, used 72623K [0x00000000eab00000, 0x00000000f1b80000, 0x0000000100000000)
  eden space 73216K, 88% used [0x00000000eab00000,0x00000000ee9f2538,0x00000000ef280000)
  from space 8192K, 99% used [0x00000000efb80000,0x00000000f0379a68,0x00000000f0380000)
  to   space 9216K, 0% used [0x00000000ef280000,0x00000000ef280000,0x00000000efb80000)
 ParOldGen       total 87552K, used 7261K [0x00000000c0000000, 0x00000000c5580000, 0x00000000eab00000)
  object space 87552K, 8% used [0x00000000c0000000,0x00000000c07177a8,0x00000000c5580000)
 Metaspace       used 34958K, capacity 35280K, committed 35456K, reserved 1077248K
  class space    used 6839K, capacity 6934K, committed 7040K, reserved 1048576K
Event: 3.400 GC heap after
Heap after GC invocations=8 (full 1):
 PSYoungGen      total 82432K, used 7982K [0x00000000eab00000, 0x00000000f2d80000, 0x0000000100000000)
  eden space 73216K, 0% used [0x00000000eab00000,0x00000000eab00000,0x00000000ef280000)
  from space 9216K, 86% used [0x00000000ef280000,0x00000000efa4bb38,0x00000000efb80000)
  to   space 9728K, 0% used [0x00000000f2400000,0x00000000f2400000,0x00000000f2d80000)
 ParOldGen       total 87552K, used 7269K [0x00000000c0000000, 0x00000000c5580000, 0x00000000eab00000)
  object space 87552K, 8% used [0x00000000c0000000,0x00000000c07197a8,0x00000000c5580000)
 Metaspace       used 34958K, capacity 35280K, committed 35456K, reserved 1077248K
  class space    used 6839K, capacity 6934K, committed 7040K, reserved 1048576K
}
Event: 3.400 GC heap before
{Heap before GC invocations=9 (full 2):
 PSYoungGen      total 82432K, used 7982K [0x00000000eab00000, 0x00000000f2d80000, 0x0000000100000000)
  eden space 73216K, 0% used [0x00000000eab00000,0x00000000eab00000,0x00000000ef280000)
  from space 9216K, 86% used [0x00000000ef280000,0x00000000efa4bb38,0x00000000efb80000)
  to   space 9728K, 0% used [0x00000000f2400000,0x00000000f2400000,0x00000000f2d80000)
 ParOldGen       total 87552K, used 7269K [0x00000000c0000000, 0x00000000c5580000, 0x00000000eab00000)
  object space 87552K, 8% used [0x00000000c0000000,0x00000000c07197a8,0x00000000c5580000)
 Metaspace       used 34958K, capacity 35280K, committed 35456K, reserved 1077248K
  class space    used 6839K, capacity 6934K, committed 7040K, reserved 1048576K
Event: 3.447 GC heap after
Heap after GC invocations=9 (full 2):
 PSYoungGen      total 82432K, used 0K [0x00000000eab00000, 0x00000000f2d80000, 0x0000000100000000)
  eden space 73216K, 0% used [0x00000000eab00000,0x00000000eab00000,0x00000000ef280000)
  from space 9216K, 0% used [0x00000000ef280000,0x00000000ef280000,0x00000000efb80000)
  to   space 9728K, 0% used [0x00000000f2400000,0x00000000f2400000,0x00000000f2d80000)
 ParOldGen       total 93696K, used 11114K [0x00000000c0000000, 0x00000000c5b80000, 0x00000000eab00000)
  object space 93696K, 11% used [0x00000000c0000000,0x00000000c0adab40,0x00000000c5b80000)
 Metaspace       used 34949K, capacity 35256K, committed 35456K, reserved 1077248K
  class space    used 6837K, capacity 6926K, committed 7040K, reserved 1048576K
}
Event: 3.582 GC heap before
{Heap before GC invocations=10 (full 2):
 PSYoungGen      total 82432K, used 73216K [0x00000000eab00000, 0x00000000f2d80000, 0x0000000100000000)
  eden space 73216K, 100% used [0x00000000eab00000,0x00000000ef280000,0x00000000ef280000)
  from space 9216K, 0% used [0x00000000ef280000,0x00000000ef280000,0x00000000efb80000)
  to   space 9728K, 0% used [0x00000000f2400000,0x00000000f2400000,0x00000000f2d80000)
 ParOldGen       total 93696K, used 11114K [0x00000000c0000000, 0x00000000c5b80000, 0x00000000eab00000)
  object space 93696K, 11% used [0x00000000c0000000,0x00000000c0adab40,0x00000000c5b80000)
 Metaspace       used 35348K, capacity 35720K, committed 35968K, reserved 1079296K
  class space    used 6916K, capacity 7014K, committed 7040K, reserved 1048576K
Event: 3.588 GC heap after
Heap after GC invocations=10 (full 2):
 PSYoungGen      total 118272K, used 9728K [0x00000000eab00000, 0x00000000f2d80000, 0x0000000100000000)
  eden space 108544K, 0% used [0x00000000eab00000,0x00000000eab00000,0x00000000f1500000)
  from space 9728K, 100% used [0x00000000f2400000,0x00000000f2d80000,0x00000000f2d80000)
  to   space 11264K, 0% used [0x00000000f1780000,0x00000000f1780000,0x00000000f2280000)
 ParOldGen       total 93696K, used 12002K [0x00000000c0000000, 0x00000000c5b80000, 0x00000000eab00000)
  object space 93696K, 12% used [0x00000000c0000000,0x00000000c0bb8b40,0x00000000c5b80000)
 Metaspace       used 35348K, capacity 35720K, committed 35968K, reserved 1079296K
  class space    used 6916K, capacity 7014K, committed 7040K, reserved 1048576K
}

