# JRE version: Java(TM) SE Runtime Environment (7.0_55-b13) (build 1.7.0_55-b13)
# Java VM: Java HotSpot(TM) Client VM (24.55-b03 mixed mode windows-x86 )
Heap
 par new generation   total 4928K, used 2028K [0x0ac30000, 0x0b180000, 0x1f980000)
  eden space 4416K,  34% used [0x0ac30000, 0x0adab2c8, 0x0b080000)
  from space 512K, 100% used [0x0b080000, 0x0b100000, 0x0b100000)
  to   space 512K,   0% used [0x0b100000, 0x0b100000, 0x0b180000)
 concurrent mark-sweep generation total 139616K, used 94648K [0x1f980000, 0x281d8000, 0x49430000)
 concurrent-mark-sweep perm gen total 65536K, used 53133K [0x49430000, 0x4d430000, 0x4d430000)
GC Heap History (10 events):
Event: 3368.160 GC heap before
{Heap before GC invocations=219 (full 10):
 par new generation   total 4928K, used 4928K [0x0ac30000, 0x0b180000, 0x1f980000)
  eden space 4416K, 100% used [0x0ac30000, 0x0b080000, 0x0b080000)
  from space 512K, 100% used [0x0b100000, 0x0b180000, 0x0b180000)
  to   space 512K,   0% used [0x0b080000, 0x0b080000, 0x0b100000)
 concurrent mark-sweep generation total 139616K, used 92318K [0x1f980000, 0x281d8000, 0x49430000)
 concurrent-mark-sweep perm gen total 65536K, used 52974K [0x49430000, 0x4d430000, 0x4d430000)
Event: 3368.162 GC heap after
Heap after GC invocations=220 (full 10):
 par new generation   total 4928K, used 512K [0x0ac30000, 0x0b180000, 0x1f980000)
  eden space 4416K,   0% used [0x0ac30000, 0x0ac30000, 0x0b080000)
  from space 512K, 100% used [0x0b080000, 0x0b100000, 0x0b100000)
  to   space 512K,   0% used [0x0b100000, 0x0b100000, 0x0b180000)
 concurrent mark-sweep generation total 139616K, used 92731K [0x1f980000, 0x281d8000, 0x49430000)
 concurrent-mark-sweep perm gen total 65536K, used 52974K [0x49430000, 0x4d430000, 0x4d430000)
}
Event: 3368.204 GC heap before
{Heap before GC invocations=220 (full 10):
 par new generation   total 4928K, used 4928K [0x0ac30000, 0x0b180000, 0x1f980000)
  eden space 4416K, 100% used [0x0ac30000, 0x0b080000, 0x0b080000)
  from space 512K, 100% used [0x0b080000, 0x0b100000, 0x0b100000)
  to   space 512K,   0% used [0x0b100000, 0x0b100000, 0x0b180000)
 concurrent mark-sweep generation total 139616K, used 92731K [0x1f980000, 0x281d8000, 0x49430000)
 concurrent-mark-sweep perm gen total 65536K, used 53053K [0x49430000, 0x4d430000, 0x4d430000)
Event: 3368.205 GC heap after
Heap after GC invocations=221 (full 10):
 par new generation   total 4928K, used 512K [0x0ac30000, 0x0b180000, 0x1f980000)
  eden space 4416K,   0% used [0x0ac30000, 0x0ac30000, 0x0b080000)
  from space 512K, 100% used [0x0b100000, 0x0b180000, 0x0b180000)
  to   space 512K,   0% used [0x0b080000, 0x0b080000, 0x0b100000)
 concurrent mark-sweep generation total 139616K, used 92932K [0x1f980000, 0x281d8000, 0x49430000)
 concurrent-mark-sweep perm gen total 65536K, used 53053K [0x49430000, 0x4d430000, 0x4d430000)
}
Event: 3368.241 GC heap before
{Heap before GC invocations=221 (full 10):
 par new generation   total 4928K, used 4928K [0x0ac30000, 0x0b180000, 0x1f980000)
  eden space 4416K, 100% used [0x0ac30000, 0x0b080000, 0x0b080000)
  from space 512K, 100% used [0x0b100000, 0x0b180000, 0x0b180000)
  to   space 512K,   0% used [0x0b080000, 0x0b080000, 0x0b100000)
 concurrent mark-sweep generation total 139616K, used 92932K [0x1f980000, 0x281d8000, 0x49430000)
 concurrent-mark-sweep perm gen total 65536K, used 53108K [0x49430000, 0x4d430000, 0x4d430000)
Event: 3368.243 GC heap after
Heap after GC invocations=222 (full 10):
 par new generation   total 4928K, used 512K [0x0ac30000, 0x0b180000, 0x1f980000)
  eden space 4416K,   0% used [0x0ac30000, 0x0ac30000, 0x0b080000)
  from space 512K, 100% used [0x0b080000, 0x0b100000, 0x0b100000)
  to   space 512K,   0% used [0x0b100000, 0x0b100000, 0x0b180000)
 concurrent mark-sweep generation total 139616K, used 93595K [0x1f980000, 0x281d8000, 0x49430000)
 concurrent-mark-sweep perm gen total 65536K, used 53108K [0x49430000, 0x4d430000, 0x4d430000)
}
Event: 3368.278 GC heap before
{Heap before GC invocations=222 (full 10):
 par new generation   total 4928K, used 4928K [0x0ac30000, 0x0b180000, 0x1f980000)
  eden space 4416K, 100% used [0x0ac30000, 0x0b080000, 0x0b080000)
  from space 512K, 100% used [0x0b080000, 0x0b100000, 0x0b100000)
  to   space 512K,   0% used [0x0b100000, 0x0b100000, 0x0b180000)
 concurrent mark-sweep generation total 139616K, used 93595K [0x1f980000, 0x281d8000, 0x49430000)
 concurrent-mark-sweep perm gen total 65536K, used 53108K [0x49430000, 0x4d430000, 0x4d430000)
Event: 3368.279 GC heap after
Heap after GC invocations=223 (full 10):
 par new generation   total 4928K, used 512K [0x0ac30000, 0x0b180000, 0x1f980000)
  eden space 4416K,   0% used [0x0ac30000, 0x0ac30000, 0x0b080000)
  from space 512K, 100% used [0x0b100000, 0x0b180000, 0x0b180000)
  to   space 512K,   0% used [0x0b080000, 0x0b080000, 0x0b100000)
 concurrent mark-sweep generation total 139616K, used 94049K [0x1f980000, 0x281d8000, 0x49430000)
 concurrent-mark-sweep perm gen total 65536K, used 53108K [0x49430000, 0x4d430000, 0x4d430000)
}
Event: 3368.309 GC heap before
{Heap before GC invocations=223 (full 10):
 par new generation   total 4928K, used 4928K [0x0ac30000, 0x0b180000, 0x1f980000)
  eden space 4416K, 100% used [0x0ac30000, 0x0b080000, 0x0b080000)
  from space 512K, 100% used [0x0b100000, 0x0b180000, 0x0b180000)
  to   space 512K,   0% used [0x0b080000, 0x0b080000, 0x0b100000)
 concurrent mark-sweep generation total 139616K, used 94049K [0x1f980000, 0x281d8000, 0x49430000)
 concurrent-mark-sweep perm gen total 65536K, used 53108K [0x49430000, 0x4d430000, 0x4d430000)
Event: 3368.310 GC heap after
Heap after GC invocations=224 (full 10):
 par new generation   total 4928K, used 512K [0x0ac30000, 0x0b180000, 0x1f980000)
  eden space 4416K,   0% used [0x0ac30000, 0x0ac30000, 0x0b080000)
  from space 512K, 100% used [0x0b080000, 0x0b100000, 0x0b100000)
  to   space 512K,   0% used [0x0b100000, 0x0b100000, 0x0b180000)
 concurrent mark-sweep generation total 139616K, used 94648K [0x1f980000, 0x281d8000, 0x49430000)
 concurrent-mark-sweep perm gen total 65536K, used 53108K [0x49430000, 0x4d430000, 0x4d430000)
}

