# JRE version: Java(TM) SE Runtime Environment (8.0_40-b25) (build 1.8.0_40-b25)
# Java VM: Java HotSpot(TM) 64-Bit Server VM (25.40-b25 mixed mode windows-amd64 compressed oops)
Heap:
 PSYoungGen      total 108544K, used 66747K [0x00000000eab00000, 0x00000000f2400000, 0x0000000100000000)
  eden space 98816K, 57% used [0x00000000eab00000,0x00000000ee2aef10,0x00000000f0b80000)
  from space 9728K, 100% used [0x00000000f1a80000,0x00000000f2400000,0x00000000f2400000)
  to   space 10752K, 0% used [0x00000000f0f00000,0x00000000f0f00000,0x00000000f1980000)
 ParOldGen       total 87552K, used 11705K [0x00000000c0000000, 0x00000000c5580000, 0x00000000eab00000)
  object space 87552K, 13% used [0x00000000c0000000,0x00000000c0b6e7b0,0x00000000c5580000)
 Metaspace       used 35905K, capacity 36352K, committed 36480K, reserved 1079296K
  class space    used 7024K, capacity 7182K, committed 7296K, reserved 1048576K
GC Heap History (10 events):
Event: 3.223 GC heap before
{Heap before GC invocations=8 (full 1):
 PSYoungGen      total 56832K, used 52741K [0x00000000eab00000, 0x00000000eec80000, 0x0000000100000000)
  eden space 48640K, 100% used [0x00000000eab00000,0x00000000eda80000,0x00000000eda80000)
  from space 8192K, 50% used [0x00000000ee280000,0x00000000ee681568,0x00000000eea80000)
  to   space 8192K, 0% used [0x00000000eda80000,0x00000000eda80000,0x00000000ee280000)
 ParOldGen       total 87552K, used 6534K [0x00000000c0000000, 0x00000000c5580000, 0x00000000eab00000)
  object space 87552K, 7% used [0x00000000c0000000,0x00000000c0661910,0x00000000c5580000)
 Metaspace       used 33712K, capacity 33984K, committed 34176K, reserved 1077248K
  class space    used 6591K, capacity 6670K, committed 6784K, reserved 1048576K
Event: 3.229 GC heap after
Heap after GC invocations=8 (full 1):
 PSYoungGen      total 56832K, used 8178K [0x00000000eab00000, 0x00000000f0480000, 0x0000000100000000)
  eden space 48640K, 0% used [0x00000000eab00000,0x00000000eab00000,0x00000000eda80000)
  from space 8192K, 99% used [0x00000000eda80000,0x00000000ee27c888,0x00000000ee280000)
  to   space 9216K, 0% used [0x00000000efb80000,0x00000000efb80000,0x00000000f0480000)
 ParOldGen       total 87552K, used 6542K [0x00000000c0000000, 0x00000000c5580000, 0x00000000eab00000)
  object space 87552K, 7% used [0x00000000c0000000,0x00000000c0663910,0x00000000c5580000)
 Metaspace       used 33712K, capacity 33984K, committed 34176K, reserved 1077248K
  class space    used 6591K, capacity 6670K, committed 6784K, reserved 1048576K
}
Event: 3.423 GC heap before
{Heap before GC invocations=9 (full 1):
 PSYoungGen      total 56832K, used 56818K [0x00000000eab00000, 0x00000000f0480000, 0x0000000100000000)
  eden space 48640K, 100% used [0x00000000eab00000,0x00000000eda80000,0x00000000eda80000)
  from space 8192K, 99% used [0x00000000eda80000,0x00000000ee27c888,0x00000000ee280000)
  to   space 9216K, 0% used [0x00000000efb80000,0x00000000efb80000,0x00000000f0480000)
 ParOldGen       total 87552K, used 6542K [0x00000000c0000000, 0x00000000c5580000, 0x00000000eab00000)
  object space 87552K, 7% used [0x00000000c0000000,0x00000000c0663910,0x00000000c5580000)
 Metaspace       used 34419K, capacity 34736K, committed 35072K, reserved 1077248K
  class space    used 6725K, capacity 6838K, committed 6912K, reserved 1048576K
Event: 3.428 GC heap after
Heap after GC invocations=9 (full 1):
 PSYoungGen      total 82432K, used 7225K [0x00000000eab00000, 0x00000000f0700000, 0x0000000100000000)
  eden space 73216K, 0% used [0x00000000eab00000,0x00000000eab00000,0x00000000ef280000)
  from space 9216K, 78% used [0x00000000efb80000,0x00000000f028e6d8,0x00000000f0480000)
  to   space 9216K, 0% used [0x00000000ef280000,0x00000000ef280000,0x00000000efb80000)
 ParOldGen       total 87552K, used 6542K [0x00000000c0000000, 0x00000000c5580000, 0x00000000eab00000)
  object space 87552K, 7% used [0x00000000c0000000,0x00000000c0663910,0x00000000c5580000)
 Metaspace       used 34419K, capacity 34736K, committed 35072K, reserved 1077248K
  class space    used 6725K, capacity 6838K, committed 6912K, reserved 1048576K
}
Event: 3.513 GC heap before
{Heap before GC invocations=10 (full 1):
 PSYoungGen      total 82432K, used 18727K [0x00000000eab00000, 0x00000000f0700000, 0x0000000100000000)
  eden space 73216K, 15% used [0x00000000eab00000,0x00000000eb63b890,0x00000000ef280000)
  from space 9216K, 78% used [0x00000000efb80000,0x00000000f028e6d8,0x00000000f0480000)
  to   space 9216K, 0% used [0x00000000ef280000,0x00000000ef280000,0x00000000efb80000)
 ParOldGen       total 87552K, used 6542K [0x00000000c0000000, 0x00000000c5580000, 0x00000000eab00000)
  object space 87552K, 7% used [0x00000000c0000000,0x00000000c0663910,0x00000000c5580000)
 Metaspace       used 34973K, capacity 35280K, committed 35456K, reserved 1077248K
  class space    used 6840K, capacity 6934K, committed 7040K, reserved 1048576K
Event: 3.520 GC heap after
Heap after GC invocations=10 (full 1):
 PSYoungGen      total 82432K, used 7437K [0x00000000eab00000, 0x00000000f2400000, 0x0000000100000000)
  eden space 73216K, 0% used [0x00000000eab00000,0x00000000eab00000,0x00000000ef280000)
  from space 9216K, 80% used [0x00000000ef280000,0x00000000ef9c3450,0x00000000efb80000)
  to   space 9728K, 0% used [0x00000000f1a80000,0x00000000f1a80000,0x00000000f2400000)
 ParOldGen       total 87552K, used 6550K [0x00000000c0000000, 0x00000000c5580000, 0x00000000eab00000)
  object space 87552K, 7% used [0x00000000c0000000,0x00000000c0665910,0x00000000c5580000)
 Metaspace       used 34973K, capacity 35280K, committed 35456K, reserved 1077248K
  class space    used 6840K, capacity 6934K, committed 7040K, reserved 1048576K
}
Event: 3.520 GC heap before
{Heap before GC invocations=11 (full 2):
 PSYoungGen      total 82432K, used 7437K [0x00000000eab00000, 0x00000000f2400000, 0x0000000100000000)
  eden space 73216K, 0% used [0x00000000eab00000,0x00000000eab00000,0x00000000ef280000)
  from space 9216K, 80% used [0x00000000ef280000,0x00000000ef9c3450,0x00000000efb80000)
  to   space 9728K, 0% used [0x00000000f1a80000,0x00000000f1a80000,0x00000000f2400000)
 ParOldGen       total 87552K, used 6550K [0x00000000c0000000, 0x00000000c5580000, 0x00000000eab00000)
  object space 87552K, 7% used [0x00000000c0000000,0x00000000c0665910,0x00000000c5580000)
 Metaspace       used 34973K, capacity 35280K, committed 35456K, reserved 1077248K
  class space    used 6840K, capacity 6934K, committed 7040K, reserved 1048576K
Event: 3.569 GC heap after
Heap after GC invocations=11 (full 2):
 PSYoungGen      total 82432K, used 0K [0x00000000eab00000, 0x00000000f2400000, 0x0000000100000000)
  eden space 73216K, 0% used [0x00000000eab00000,0x00000000eab00000,0x00000000ef280000)
  from space 9216K, 0% used [0x00000000ef280000,0x00000000ef280000,0x00000000efb80000)
  to   space 9728K, 0% used [0x00000000f1a80000,0x00000000f1a80000,0x00000000f2400000)
 ParOldGen       total 87552K, used 10569K [0x00000000c0000000, 0x00000000c5580000, 0x00000000eab00000)
  object space 87552K, 12% used [0x00000000c0000000,0x00000000c0a527b0,0x00000000c5580000)
 Metaspace       used 34964K, capacity 35256K, committed 35456K, reserved 1077248K
  class space    used 6838K, capacity 6926K, committed 7040K, reserved 1048576K
}
Event: 3.736 GC heap before
{Heap before GC invocations=12 (full 2):
 PSYoungGen      total 82432K, used 73216K [0x00000000eab00000, 0x00000000f2400000, 0x0000000100000000)
  eden space 73216K, 100% used [0x00000000eab00000,0x00000000ef280000,0x00000000ef280000)
  from space 9216K, 0% used [0x00000000ef280000,0x00000000ef280000,0x00000000efb80000)
  to   space 9728K, 0% used [0x00000000f1a80000,0x00000000f1a80000,0x00000000f2400000)
 ParOldGen       total 87552K, used 10569K [0x00000000c0000000, 0x00000000c5580000, 0x00000000eab00000)
  object space 87552K, 12% used [0x00000000c0000000,0x00000000c0a527b0,0x00000000c5580000)
 Metaspace       used 35359K, capacity 35720K, committed 35968K, reserved 1079296K
  class space    used 6916K, capacity 7014K, committed 7040K, reserved 1048576K
Event: 3.741 GC heap after
Heap after GC invocations=12 (full 2):
 PSYoungGen      total 108544K, used 9728K [0x00000000eab00000, 0x00000000f2400000, 0x0000000100000000)
  eden space 98816K, 0% used [0x00000000eab00000,0x00000000eab00000,0x00000000f0b80000)
  from space 9728K, 100% used [0x00000000f1a80000,0x00000000f2400000,0x00000000f2400000)
  to   space 10752K, 0% used [0x00000000f0f00000,0x00000000f0f00000,0x00000000f1980000)
 ParOldGen       total 87552K, used 11705K [0x00000000c0000000, 0x00000000c5580000, 0x00000000eab00000)
  object space 87552K, 13% used [0x00000000c0000000,0x00000000c0b6e7b0,0x00000000c5580000)
 Metaspace       used 35359K, capacity 35720K, committed 35968K, reserved 1079296K
  class space    used 6916K, capacity 7014K, committed 7040K, reserved 1048576K
}

