# JRE version: Java(TM) SE Runtime Environment (8.0_40-b25) (build 1.8.0_40-b25)
# Java VM: Java HotSpot(TM) 64-Bit Server VM (25.40-b25 mixed mode windows-amd64 compressed oops)
Heap:
 PSYoungGen      total 128000K, used 124045K [0x00000000eab00000, 0x00000000f4880000, 0x0000000100000000)
  eden space 114688K, 96% used [0x00000000eab00000,0x00000000f1724808,0x00000000f1b00000)
  from space 13312K, 99% used [0x00000000f2e80000,0x00000000f3b7eea0,0x00000000f3b80000)
  to   space 19968K, 0% used [0x00000000f1b00000,0x00000000f1b00000,0x00000000f2e80000)
 ParOldGen       total 91136K, used 27952K [0x00000000c0000000, 0x00000000c5900000, 0x00000000eab00000)
  object space 91136K, 30% used [0x00000000c0000000,0x00000000c1b4c328,0x00000000c5900000)
 Metaspace       used 56421K, capacity 56943K, committed 57088K, reserved 1095680K
  class space    used 10350K, capacity 10495K, committed 10496K, reserved 1048576K
GC Heap History (10 events):
Event: 3.340 GC heap before
{Heap before GC invocations=10 (full 1):
 PSYoungGen      total 78848K, used 19424K [0x00000000eab00000, 0x00000000f0480000, 0x0000000100000000)
  eden space 69632K, 17% used [0x00000000eab00000,0x00000000eb6e8af0,0x00000000eef00000)
  from space 9216K, 78% used [0x00000000ef800000,0x00000000eff0f6f8,0x00000000f0100000)
  to   space 9216K, 0% used [0x00000000eef00000,0x00000000eef00000,0x00000000ef800000)
 ParOldGen       total 87552K, used 6606K [0x00000000c0000000, 0x00000000c5580000, 0x00000000eab00000)
  object space 87552K, 7% used [0x00000000c0000000,0x00000000c0673960,0x00000000c5580000)
 Metaspace       used 35023K, capacity 35312K, committed 35456K, reserved 1077248K
  class space    used 6850K, capacity 6966K, committed 7040K, reserved 1048576K
Event: 3.344 GC heap after
Heap after GC invocations=10 (full 1):
 PSYoungGen      total 78848K, used 7501K [0x00000000eab00000, 0x00000000f1b80000, 0x0000000100000000)
  eden space 69632K, 0% used [0x00000000eab00000,0x00000000eab00000,0x00000000eef00000)
  from space 9216K, 81% used [0x00000000eef00000,0x00000000ef653470,0x00000000ef800000)
  to   space 9728K, 0% used [0x00000000f1200000,0x00000000f1200000,0x00000000f1b80000)
 ParOldGen       total 87552K, used 6614K [0x00000000c0000000, 0x00000000c5580000, 0x00000000eab00000)
  object space 87552K, 7% used [0x00000000c0000000,0x00000000c0675960,0x00000000c5580000)
 Metaspace       used 35023K, capacity 35312K, committed 35456K, reserved 1077248K
  class space    used 6850K, capacity 6966K, committed 7040K, reserved 1048576K
}
Event: 3.344 GC heap before
{Heap before GC invocations=11 (full 2):
 PSYoungGen      total 78848K, used 7501K [0x00000000eab00000, 0x00000000f1b80000, 0x0000000100000000)
  eden space 69632K, 0% used [0x00000000eab00000,0x00000000eab00000,0x00000000eef00000)
  from space 9216K, 81% used [0x00000000eef00000,0x00000000ef653470,0x00000000ef800000)
  to   space 9728K, 0% used [0x00000000f1200000,0x00000000f1200000,0x00000000f1b80000)
 ParOldGen       total 87552K, used 6614K [0x00000000c0000000, 0x00000000c5580000, 0x00000000eab00000)
  object space 87552K, 7% used [0x00000000c0000000,0x00000000c0675960,0x00000000c5580000)
 Metaspace       used 35023K, capacity 35312K, committed 35456K, reserved 1077248K
  class space    used 6850K, capacity 6966K, committed 7040K, reserved 1048576K
Event: 3.389 GC heap after
Heap after GC invocations=11 (full 2):
 PSYoungGen      total 78848K, used 0K [0x00000000eab00000, 0x00000000f1b80000, 0x0000000100000000)
  eden space 69632K, 0% used [0x00000000eab00000,0x00000000eab00000,0x00000000eef00000)
  from space 9216K, 0% used [0x00000000eef00000,0x00000000eef00000,0x00000000ef800000)
  to   space 9728K, 0% used [0x00000000f1200000,0x00000000f1200000,0x00000000f1b80000)
 ParOldGen       total 91136K, used 10576K [0x00000000c0000000, 0x00000000c5900000, 0x00000000eab00000)
  object space 91136K, 11% used [0x00000000c0000000,0x00000000c0a54398,0x00000000c5900000)
 Metaspace       used 35015K, capacity 35288K, committed 35456K, reserved 1077248K
  class space    used 6848K, capacity 6958K, committed 7040K, reserved 1048576K
}
Event: 3.519 GC heap before
{Heap before GC invocations=12 (full 2):
 PSYoungGen      total 78848K, used 69632K [0x00000000eab00000, 0x00000000f1b80000, 0x0000000100000000)
  eden space 69632K, 100% used [0x00000000eab00000,0x00000000eef00000,0x00000000eef00000)
  from space 9216K, 0% used [0x00000000eef00000,0x00000000eef00000,0x00000000ef800000)
  to   space 9728K, 0% used [0x00000000f1200000,0x00000000f1200000,0x00000000f1b80000)
 ParOldGen       total 91136K, used 10576K [0x00000000c0000000, 0x00000000c5900000, 0x00000000eab00000)
  object space 91136K, 11% used [0x00000000c0000000,0x00000000c0a54398,0x00000000c5900000)
 Metaspace       used 35346K, capacity 35688K, committed 35840K, reserved 1077248K
  class space    used 6919K, capacity 7046K, committed 7168K, reserved 1048576K
Event: 3.525 GC heap after
Heap after GC invocations=12 (full 2):
 PSYoungGen      total 102912K, used 9728K [0x00000000eab00000, 0x00000000f1b80000, 0x0000000100000000)
  eden space 93184K, 0% used [0x00000000eab00000,0x00000000eab00000,0x00000000f0600000)
  from space 9728K, 100% used [0x00000000f1200000,0x00000000f1b80000,0x00000000f1b80000)
  to   space 10752K, 0% used [0x00000000f0680000,0x00000000f0680000,0x00000000f1100000)
 ParOldGen       total 91136K, used 10904K [0x00000000c0000000, 0x00000000c5900000, 0x00000000eab00000)
  object space 91136K, 11% used [0x00000000c0000000,0x00000000c0aa6398,0x00000000c5900000)
 Metaspace       used 35346K, capacity 35688K, committed 35840K, reserved 1077248K
  class space    used 6919K, capacity 7046K, committed 7168K, reserved 1048576K
}
Event: 6.120 GC heap before
{Heap before GC invocations=13 (full 2):
 PSYoungGen      total 102912K, used 102912K [0x00000000eab00000, 0x00000000f1b80000, 0x0000000100000000)
  eden space 93184K, 100% used [0x00000000eab00000,0x00000000f0600000,0x00000000f0600000)
  from space 9728K, 100% used [0x00000000f1200000,0x00000000f1b80000,0x00000000f1b80000)
  to   space 10752K, 0% used [0x00000000f0680000,0x00000000f0680000,0x00000000f1100000)
 ParOldGen       total 91136K, used 10904K [0x00000000c0000000, 0x00000000c5900000, 0x00000000eab00000)
  object space 91136K, 11% used [0x00000000c0000000,0x00000000c0aa6398,0x00000000c5900000)
 Metaspace       used 36784K, capacity 37312K, committed 37376K, reserved 1079296K
  class space    used 7235K, capacity 7374K, committed 7424K, reserved 1048576K
Event: 6.127 GC heap after
Heap after GC invocations=13 (full 2):
 PSYoungGen      total 104448K, used 10752K [0x00000000eab00000, 0x00000000f3b80000, 0x0000000100000000)
  eden space 93696K, 0% used [0x00000000eab00000,0x00000000eab00000,0x00000000f0680000)
  from space 10752K, 100% used [0x00000000f0680000,0x00000000f1100000,0x00000000f1100000)
  to   space 13312K, 0% used [0x00000000f2e80000,0x00000000f2e80000,0x00000000f3b80000)
 ParOldGen       total 91136K, used 14804K [0x00000000c0000000, 0x00000000c5900000, 0x00000000eab00000)
  object space 91136K, 16% used [0x00000000c0000000,0x00000000c0e753a8,0x00000000c5900000)
 Metaspace       used 36784K, capacity 37312K, committed 37376K, reserved 1079296K
  class space    used 7235K, capacity 7374K, committed 7424K, reserved 1048576K
}
Event: 6.809 GC heap before
{Heap before GC invocations=14 (full 2):
 PSYoungGen      total 104448K, used 104448K [0x00000000eab00000, 0x00000000f3b80000, 0x0000000100000000)
  eden space 93696K, 100% used [0x00000000eab00000,0x00000000f0680000,0x00000000f0680000)
  from space 10752K, 100% used [0x00000000f0680000,0x00000000f1100000,0x00000000f1100000)
  to   space 13312K, 0% used [0x00000000f2e80000,0x00000000f2e80000,0x00000000f3b80000)
 ParOldGen       total 91136K, used 14804K [0x00000000c0000000, 0x00000000c5900000, 0x00000000eab00000)
  object space 91136K, 16% used [0x00000000c0000000,0x00000000c0e753a8,0x00000000c5900000)
 Metaspace       used 47938K, capacity 48458K, committed 48640K, reserved 1089536K
  class space    used 9278K, capacity 9439K, committed 9472K, reserved 1048576K
Event: 6.821 GC heap after
Heap after GC invocations=14 (full 2):
 PSYoungGen      total 128000K, used 13307K [0x00000000eab00000, 0x00000000f4880000, 0x0000000100000000)
  eden space 114688K, 0% used [0x00000000eab00000,0x00000000eab00000,0x00000000f1b00000)
  from space 13312K, 99% used [0x00000000f2e80000,0x00000000f3b7eea0,0x00000000f3b80000)
  to   space 19968K, 0% used [0x00000000f1b00000,0x00000000f1b00000,0x00000000f2e80000)
 ParOldGen       total 91136K, used 27952K [0x00000000c0000000, 0x00000000c5900000, 0x00000000eab00000)
  object space 91136K, 30% used [0x00000000c0000000,0x00000000c1b4c328,0x00000000c5900000)
 Metaspace       used 47938K, capacity 48458K, committed 48640K, reserved 1089536K
  class space    used 9278K, capacity 9439K, committed 9472K, reserved 1048576K
}

