# JRE version: Java(TM) SE Runtime Environment (8.0_40-b25) (build 1.8.0_40-b25)
# Java VM: Java HotSpot(TM) 64-Bit Server VM (25.40-b25 mixed mode windows-amd64 compressed oops)
Heap:
 PSYoungGen      total 146432K, used 26114K [0x00000000eab00000, 0x00000000f6200000, 0x0000000100000000)
  eden space 122368K, 21% used [0x00000000eab00000,0x00000000ec4808c0,0x00000000f2280000)
  from space 24064K, 0% used [0x00000000f2280000,0x00000000f2280000,0x00000000f3a00000)
  to   space 13312K, 0% used [0x00000000f3a00000,0x00000000f3a00000,0x00000000f4700000)
 ParOldGen       total 87552K, used 61903K [0x00000000c0000000, 0x00000000c5580000, 0x00000000eab00000)
  object space 87552K, 70% used [0x00000000c0000000,0x00000000c3c73df8,0x00000000c5580000)
 Metaspace       used 56359K, capacity 56879K, committed 57088K, reserved 1097728K
  class space    used 10348K, capacity 10495K, committed 10496K, reserved 1048576K
GC Heap History (10 events):
Event: 3.789 GC heap before
{Heap before GC invocations=12 (full 2):
 PSYoungGen      total 84992K, used 75776K [0x00000000eab00000, 0x00000000f2700000, 0x0000000100000000)
  eden space 75776K, 100% used [0x00000000eab00000,0x00000000ef500000,0x00000000ef500000)
  from space 9216K, 0% used [0x00000000ef500000,0x00000000ef500000,0x00000000efe00000)
  to   space 9216K, 0% used [0x00000000f1e00000,0x00000000f1e00000,0x00000000f2700000)
 ParOldGen       total 87552K, used 10575K [0x00000000c0000000, 0x00000000c5580000, 0x00000000eab00000)
  object space 87552K, 12% used [0x00000000c0000000,0x00000000c0a53e28,0x00000000c5580000)
 Metaspace       used 35339K, capacity 35656K, committed 35712K, reserved 1077248K
  class space    used 6916K, capacity 7014K, committed 7040K, reserved 1048576K
Event: 3.795 GC heap after
Heap after GC invocations=12 (full 2):
 PSYoungGen      total 111104K, used 9216K [0x00000000eab00000, 0x00000000f2700000, 0x0000000100000000)
  eden space 101888K, 0% used [0x00000000eab00000,0x00000000eab00000,0x00000000f0e80000)
  from space 9216K, 100% used [0x00000000f1e00000,0x00000000f2700000,0x00000000f2700000)
  to   space 10752K, 0% used [0x00000000f1200000,0x00000000f1200000,0x00000000f1c80000)
 ParOldGen       total 87552K, used 12439K [0x00000000c0000000, 0x00000000c5580000, 0x00000000eab00000)
  object space 87552K, 14% used [0x00000000c0000000,0x00000000c0c25e28,0x00000000c5580000)
 Metaspace       used 35339K, capacity 35656K, committed 35712K, reserved 1077248K
  class space    used 6916K, capacity 7014K, committed 7040K, reserved 1048576K
}
Event: 6.502 GC heap before
{Heap before GC invocations=13 (full 2):
 PSYoungGen      total 111104K, used 111104K [0x00000000eab00000, 0x00000000f2700000, 0x0000000100000000)
  eden space 101888K, 100% used [0x00000000eab00000,0x00000000f0e80000,0x00000000f0e80000)
  from space 9216K, 100% used [0x00000000f1e00000,0x00000000f2700000,0x00000000f2700000)
  to   space 10752K, 0% used [0x00000000f1200000,0x00000000f1200000,0x00000000f1c80000)
 ParOldGen       total 87552K, used 12439K [0x00000000c0000000, 0x00000000c5580000, 0x00000000eab00000)
  object space 87552K, 14% used [0x00000000c0000000,0x00000000c0c25e28,0x00000000c5580000)
 Metaspace       used 37041K, capacity 37534K, committed 37760K, reserved 1079296K
  class space    used 7272K, capacity 7443K, committed 7552K, reserved 1048576K
Event: 6.509 GC heap after
Heap after GC invocations=13 (full 2):
 PSYoungGen      total 116224K, used 10736K [0x00000000eab00000, 0x00000000f4700000, 0x0000000100000000)
  eden space 105472K, 0% used [0x00000000eab00000,0x00000000eab00000,0x00000000f1200000)
  from space 10752K, 99% used [0x00000000f1200000,0x00000000f1c7c010,0x00000000f1c80000)
  to   space 13312K, 0% used [0x00000000f3a00000,0x00000000f3a00000,0x00000000f4700000)
 ParOldGen       total 87552K, used 16035K [0x00000000c0000000, 0x00000000c5580000, 0x00000000eab00000)
  object space 87552K, 18% used [0x00000000c0000000,0x00000000c0fa8e88,0x00000000c5580000)
 Metaspace       used 37041K, capacity 37534K, committed 37760K, reserved 1079296K
  class space    used 7272K, capacity 7443K, committed 7552K, reserved 1048576K
}
Event: 7.112 GC heap before
{Heap before GC invocations=14 (full 2):
 PSYoungGen      total 116224K, used 116208K [0x00000000eab00000, 0x00000000f4700000, 0x0000000100000000)
  eden space 105472K, 100% used [0x00000000eab00000,0x00000000f1200000,0x00000000f1200000)
  from space 10752K, 99% used [0x00000000f1200000,0x00000000f1c7c010,0x00000000f1c80000)
  to   space 13312K, 0% used [0x00000000f3a00000,0x00000000f3a00000,0x00000000f4700000)
 ParOldGen       total 87552K, used 16035K [0x00000000c0000000, 0x00000000c5580000, 0x00000000eab00000)
  object space 87552K, 18% used [0x00000000c0000000,0x00000000c0fa8e88,0x00000000c5580000)
 Metaspace       used 48477K, capacity 49034K, committed 49280K, reserved 1089536K
  class space    used 9379K, capacity 9567K, committed 9600K, reserved 1048576K
Event: 7.129 GC heap after
Heap after GC invocations=14 (full 2):
 PSYoungGen      total 135680K, used 13291K [0x00000000eab00000, 0x00000000f6200000, 0x0000000100000000)
  eden space 122368K, 0% used [0x00000000eab00000,0x00000000eab00000,0x00000000f2280000)
  from space 13312K, 99% used [0x00000000f3a00000,0x00000000f46fae50,0x00000000f4700000)
  to   space 24064K, 0% used [0x00000000f2280000,0x00000000f2280000,0x00000000f3a00000)
 ParOldGen       total 87552K, used 41876K [0x00000000c0000000, 0x00000000c5580000, 0x00000000eab00000)
  object space 87552K, 47% used [0x00000000c0000000,0x00000000c28e5288,0x00000000c5580000)
 Metaspace       used 48477K, capacity 49034K, committed 49280K, reserved 1089536K
  class space    used 9379K, capacity 9567K, committed 9600K, reserved 1048576K
}
Event: 7.403 GC heap before
{Heap before GC invocations=15 (full 2):
 PSYoungGen      total 135680K, used 66175K [0x00000000eab00000, 0x00000000f6200000, 0x0000000100000000)
  eden space 122368K, 43% used [0x00000000eab00000,0x00000000edea5000,0x00000000f2280000)
  from space 13312K, 99% used [0x00000000f3a00000,0x00000000f46fae50,0x00000000f4700000)
  to   space 24064K, 0% used [0x00000000f2280000,0x00000000f2280000,0x00000000f3a00000)
 ParOldGen       total 87552K, used 41876K [0x00000000c0000000, 0x00000000c5580000, 0x00000000eab00000)
  object space 87552K, 47% used [0x00000000c0000000,0x00000000c28e5288,0x00000000c5580000)
 Metaspace       used 52122K, capacity 52622K, committed 52736K, reserved 1097728K
  class space    used 9797K, capacity 9951K, committed 9984K, reserved 1048576K
Event: 7.419 GC heap after
Heap after GC invocations=15 (full 2):
 PSYoungGen      total 146432K, used 22270K [0x00000000eab00000, 0x00000000f6200000, 0x0000000100000000)
  eden space 122368K, 0% used [0x00000000eab00000,0x00000000eab00000,0x00000000f2280000)
  from space 24064K, 92% used [0x00000000f2280000,0x00000000f383f930,0x00000000f3a00000)
  to   space 13312K, 0% used [0x00000000f3a00000,0x00000000f3a00000,0x00000000f4700000)
 ParOldGen       total 87552K, used 55066K [0x00000000c0000000, 0x00000000c5580000, 0x00000000eab00000)
  object space 87552K, 62% used [0x00000000c0000000,0x00000000c35c6bc8,0x00000000c5580000)
 Metaspace       used 52122K, capacity 52622K, committed 52736K, reserved 1097728K
  class space    used 9797K, capacity 9951K, committed 9984K, reserved 1048576K
}
Event: 7.419 GC heap before
{Heap before GC invocations=16 (full 3):
 PSYoungGen      total 146432K, used 22270K [0x00000000eab00000, 0x00000000f6200000, 0x0000000100000000)
  eden space 122368K, 0% used [0x00000000eab00000,0x00000000eab00000,0x00000000f2280000)
  from space 24064K, 92% used [0x00000000f2280000,0x00000000f383f930,0x00000000f3a00000)
  to   space 13312K, 0% used [0x00000000f3a00000,0x00000000f3a00000,0x00000000f4700000)
 ParOldGen       total 87552K, used 55066K [0x00000000c0000000, 0x00000000c5580000, 0x00000000eab00000)
  object space 87552K, 62% used [0x00000000c0000000,0x00000000c35c6bc8,0x00000000c5580000)
 Metaspace       used 52122K, capacity 52622K, committed 52736K, reserved 1097728K
  class space    used 9797K, capacity 9951K, committed 9984K, reserved 1048576K
Event: 7.546 GC heap after
Heap after GC invocations=16 (full 3):
 PSYoungGen      total 146432K, used 0K [0x00000000eab00000, 0x00000000f6200000, 0x0000000100000000)
  eden space 122368K, 0% used [0x00000000eab00000,0x00000000eab00000,0x00000000f2280000)
  from space 24064K, 0% used [0x00000000f2280000,0x00000000f2280000,0x00000000f3a00000)
  to   space 13312K, 0% used [0x00000000f3a00000,0x00000000f3a00000,0x00000000f4700000)
 ParOldGen       total 87552K, used 61903K [0x00000000c0000000, 0x00000000c5580000, 0x00000000eab00000)
  object space 87552K, 70% used [0x00000000c0000000,0x00000000c3c73df8,0x00000000c5580000)
 Metaspace       used 52122K, capacity 52622K, committed 52736K, reserved 1095680K
  class space    used 9797K, capacity 9951K, committed 9984K, reserved 1048576K
}

